1677671551927	geckodriver	INFO	Listening on 127.0.0.1:58810
1677671554976	mozrunner::runner	INFO	Running command: "C:\\Program Files\\Mozilla Firefox\\firefox.exe" "--marionette" "-no-remote" "-profile" "C:\\Users\\Dell\\AppData\\Local\\Temp\\rust_mozprofilep14Ce0"
console.warn: services.settings: Ignoring preference override of remote settings server
console.warn: services.settings: Allow by setting MOZ_REMOTE_SETTINGS_DEVTOOLS=1 in the environment
1677671556615	Marionette	INFO	Marionette enabled
Dynamically enable window occlusion 0
1677671556623	Marionette	INFO	Listening on port 58823
Read port: 58823
Read port: 58823
1677671558056	RemoteAgent	WARN	TLS certificate errors will be ignored for this session
console.warn: SearchSettings: "get: No settings file exists, new profile?" (new NotFoundError("Could not open the file at C:\\Users\\Dell\\AppData\\Local\\Temp\\rust_mozprofilep14Ce0\\search.json.mozlz4", (void 0)))
JavaScript error: https://backoffice.mesk.bet/api/settings/scripts/head, line 8: SyntaxError: missing } after property list
JavaScript note: https://backoffice.mesk.bet/api/settings/scripts/head, line 8: { opened at line 8, column 1624
1677671605499	geckodriver	INFO	Listening on 127.0.0.1:58904
1677671608577	mozrunner::runner	INFO	Running command: "C:\\Program Files\\Mozilla Firefox\\firefox.exe" "--marionette" "-no-remote" "-profile" "C:\\Users\\Dell\\AppData\\Local\\Temp\\rust_mozprofileDRaJX7"
console.warn: services.settings: Ignoring preference override of remote settings server
console.warn: services.settings: Allow by setting MOZ_REMOTE_SETTINGS_DEVTOOLS=1 in the environment
1677671609277	Marionette	INFO	Marionette enabled
Dynamically enable window occlusion 0
1677671609284	Marionette	INFO	Listening on port 58916
Read port: 58916
1677671609922	RemoteAgent	WARN	TLS certificate errors will be ignored for this session
console.warn: SearchSettings: "get: No settings file exists, new profile?" (new NotFoundError("Could not open the file at C:\\Users\\Dell\\AppData\\Local\\Temp\\rust_mozprofileDRaJX7\\search.json.mozlz4", (void 0)))
JavaScript error: https://backoffice.mesk.bet/api/settings/scripts/head, line 8: SyntaxError: missing } after property list
JavaScript note: https://backoffice.mesk.bet/api/settings/scripts/head, line 8: { opened at line 8, column 1624
1677671675597	geckodriver	INFO	Listening on 127.0.0.1:58998
1677671678664	mozrunner::runner	INFO	Running command: "C:\\Program Files\\Mozilla Firefox\\firefox.exe" "--marionette" "-no-remote" "-profile" "C:\\Users\\Dell\\AppData\\Local\\Temp\\rust_mozprofilenHzDbD"
console.warn: services.settings: Ignoring preference override of remote settings server
console.warn: services.settings: Allow by setting MOZ_REMOTE_SETTINGS_DEVTOOLS=1 in the environment
1677671679325	Marionette	INFO	Marionette enabled
Dynamically enable window occlusion 0
1677671679332	Marionette	INFO	Listening on port 59009
Read port: 59009
1677671680023	RemoteAgent	WARN	TLS certificate errors will be ignored for this session
console.warn: SearchSettings: "get: No settings file exists, new profile?" (new NotFoundError("Could not open the file at C:\\Users\\Dell\\AppData\\Local\\Temp\\rust_mozprofilenHzDbD\\search.json.mozlz4", (void 0)))
JavaScript error: https://backoffice.mesk.bet/api/settings/scripts/head, line 8: SyntaxError: missing } after property list
JavaScript note: https://backoffice.mesk.bet/api/settings/scripts/head, line 8: { opened at line 8, column 1624
console.error: ({})
1677672027082	Marionette	WARN	TimedPromise timed out after 500 ms: stacktrace:
TimedPromise/<@chrome://remote/content/marionette/sync.sys.mjs:219:24
TimedPromise@chrome://remote/content/marionette/sync.sys.mjs:204:10
interaction.flushEventLoop@chrome://remote/content/marionette/interaction.sys.mjs:425:10
webdriverClickElement@chrome://remote/content/marionette/interaction.sys.mjs:173:31
[Child 19716, MediaDecoderStateMachine #1] WARNING: 18f2f8cd340 Could not set cubeb stream name.: file /builds/worker/checkouts/gecko/dom/media/AudioStream.cpp:321
[Child 19716, MediaDecoderStateMachine #1] WARNING: 18f25404670 Could not set cubeb stream name.: file /builds/worker/checkouts/gecko/dom/media/AudioStream.cpp:321
[Child 19716, MediaDecoderStateMachine #1] WARNING: 18f2bf03680 Could not set cubeb stream name.: file /builds/worker/checkouts/gecko/dom/media/AudioStream.cpp:321
[Child 19716, MediaDecoderStateMachine #1] WARNING: 18f2da3e890 Could not set cubeb stream name.: file /builds/worker/checkouts/gecko/dom/media/AudioStream.cpp:321
JavaScript error: https://static.egcdn.com/frontend/evo/r2/js/commons.d73f0821.js, line 1: Transport: Transport is disposed. [CLIENT_VIDEO_V2_INFO]
JavaScript error: https://static.egcdn.com/frontend/evo/r2/js/commons.d73f0821.js, line 1: Transport: Transport is disposed. [CLIENT_VIDEO_V2_INFO]
JavaScript error: https://backoffice.mesk.bet/api/settings/scripts/head, line 8: SyntaxError: missing } after property list
JavaScript note: https://backoffice.mesk.bet/api/settings/scripts/head, line 8: { opened at line 8, column 1624
console.error: ({})
[Child 11368, MediaDecoderStateMachine #1] WARNING: 236c1204010 Could not set cubeb stream name.: file /builds/worker/checkouts/gecko/dom/media/AudioStream.cpp:321
[Child 11368, MediaDecoderStateMachine #1] WARNING: 236c7f198a0 Could not set cubeb stream name.: file /builds/worker/checkouts/gecko/dom/media/AudioStream.cpp:321
[Child 11368, MediaDecoderStateMachine #1] WARNING: 236808e9890 Could not set cubeb stream name.: file /builds/worker/checkouts/gecko/dom/media/AudioStream.cpp:321
[Child 11368, MediaDecoderStateMachine #1] WARNING: 236d0336570 Could not set cubeb stream name.: file /builds/worker/checkouts/gecko/dom/media/AudioStream.cpp:321
[Child 11368, MediaDecoderStateMachine #1] WARNING: 236cec65560 Could not set cubeb stream name.: file /builds/worker/checkouts/gecko/dom/media/AudioStream.cpp:321
JavaScript error: https://backoffice.mesk.bet/api/settings/scripts/head, line 8: SyntaxError: missing } after property list
JavaScript note: https://backoffice.mesk.bet/api/settings/scripts/head, line 8: { opened at line 8, column 1624
console.error: ({})
[Child 20568, MediaDecoderStateMachine #1] WARNING: 26c29004120 Could not set cubeb stream name.: file /builds/worker/checkouts/gecko/dom/media/AudioStream.cpp:321
JavaScript error: https://static.egcdn.com/frontend/evo/r2/js/commons.d73f0821.js, line 1: Transport: Transport is disposed. [CLIENT_VIDEO_V2_INFO]
1678288790925	geckodriver	INFO	Listening on 127.0.0.1:58441
1678288794003	mozrunner::runner	INFO	Running command: "C:\\Program Files\\Mozilla Firefox\\firefox.exe" "--marionette" "-no-remote" "-profile" "C:\\Users\\Dell\\AppData\\Local\\Temp\\rust_mozprofilejOhFiQ"
console.warn: services.settings: Ignoring preference override of remote settings server
console.warn: services.settings: Allow by setting MOZ_REMOTE_SETTINGS_DEVTOOLS=1 in the environment
1678288796396	Marionette	INFO	Marionette enabled
Dynamically enable window occlusion 0
1678288796408	Marionette	INFO	Listening on port 58453
Read port: 58453
Read port: 58453
1678288798272	RemoteAgent	WARN	TLS certificate errors will be ignored for this session
console.warn: SearchSettings: "get: No settings file exists, new profile?" (new NotFoundError("Could not open the file at C:\\Users\\Dell\\AppData\\Local\\Temp\\rust_mozprofilejOhFiQ\\search.json.mozlz4", (void 0)))
JavaScript error: https://backoffice.mesk.bet/api/settings/scripts/head, line 8: SyntaxError: missing } after property list
JavaScript note: https://backoffice.mesk.bet/api/settings/scripts/head, line 8: { opened at line 8, column 1624
console.error: ({})
[Child 15320, MediaDecoderStateMachine #1] WARNING: 203886dfab0 Could not set cubeb stream name.: file /builds/worker/checkouts/gecko/dom/media/AudioStream.cpp:321
1678290033162	geckodriver	INFO	Listening on 127.0.0.1:58724
1678290036233	mozrunner::runner	INFO	Running command: "C:\\Program Files\\Mozilla Firefox\\firefox.exe" "--marionette" "-no-remote" "-profile" "C:\\Users\\Dell\\AppData\\Local\\Temp\\rust_mozprofilehqr9ZJ"
console.warn: services.settings: Ignoring preference override of remote settings server
console.warn: services.settings: Allow by setting MOZ_REMOTE_SETTINGS_DEVTOOLS=1 in the environment
1678290037773	Marionette	INFO	Marionette enabled
Dynamically enable window occlusion 0
1678290037782	Marionette	INFO	Listening on port 58735
Read port: 58735
Read port: 58735
1678290039114	RemoteAgent	WARN	TLS certificate errors will be ignored for this session
console.warn: SearchSettings: "get: No settings file exists, new profile?" (new NotFoundError("Could not open the file at C:\\Users\\Dell\\AppData\\Local\\Temp\\rust_mozprofilehqr9ZJ\\search.json.mozlz4", (void 0)))
JavaScript error: https://backoffice.mesk.bet/api/settings/scripts/head, line 8: SyntaxError: missing } after property list
JavaScript note: https://backoffice.mesk.bet/api/settings/scripts/head, line 8: { opened at line 8, column 1624
console.error: ({})
[Child 20836, MediaDecoderStateMachine #1] WARNING: 260cdf28340 Could not set cubeb stream name.: file /builds/worker/checkouts/gecko/dom/media/AudioStream.cpp:321
