1675727595093	geckodriver	INFO	Listening on 127.0.0.1:65344
1675727598150	mozrunner::runner	INFO	Running command: "C:\\Program Files\\Mozilla Firefox\\firefox.exe" "--marionette" "-no-remote" "-profile" "C:\\Users\\Dell\\AppData\\Local\\Temp\\rust_mozprofileMReRNQ"
1675727598829	Marionette	INFO	Marionette enabled
Dynamically enable window occlusion 0
1675727598836	Marionette	INFO	Listening on port 65356
Read port: 65356
1675727599479	RemoteAgent	WARN	TLS certificate errors will be ignored for this session
console.warn: SearchSettings: "get: No settings file exists, new profile?" (new NotFoundError("Could not open the file at C:\\Users\\Dell\\AppData\\Local\\Temp\\rust_mozprofileMReRNQ\\search.json.mozlz4", (void 0)))
JavaScript error: https://historicosblaze.com/assets/application-462e5b2ed0bfd8c25a7a846082958cd6de0d5727e86699648447d0f79a594244.js, line 23: Error: Minified React error #299; visit https://reactjs.org/docs/error-decoder.html?invariant=299 for the full message or use the non-minified dev environment for full errors and additional helpful warnings.
1675727607475	Marionette	INFO	Stopped listening on port 65356
Dynamically enable window occlusion 1
JavaScript error: chrome://remote/content/marionette/cert.sys.mjs, line 51: NS_ERROR_NOT_AVAILABLE: Component returned failure code: 0x80040111 (NS_ERROR_NOT_AVAILABLE) [nsICertOverrideService.setDisableAllSecurityChecksAndLetAttackersInterceptMyData]
WARNING: A blocker encountered an error while we were waiting.
          Blocker:  Waiting for ping task
          Phase: TelemetryController: Waiting for pending ping activity
          State: (none)
WARNING: Error: Phase "profile-before-change" is finished, it is too late to register completion condition "OS.File: flush I/O queued before profileBeforeChange"
WARNING: addBlocker@resource://gre/modules/AsyncShutdown.jsm:718:15
addBlocker@resource://gre/modules/AsyncShutdown.jsm:523:26
addBlocker@resource://gre/modules/AsyncShutdown.jsm:462:15
setupShutdown@resource://gre/modules/osfile/osfile_async_front.jsm:1548:28
@resource://gre/modules/osfile/osfile_async_front.jsm:1568:16
@resource://gre/modules/osfile.jsm:12:30
@resource://gre/modules/TelemetryStorage.jsm:19:28
promiseArchivePing@resource://gre/modules/TelemetryArchive.jsm:103:5
promiseArchivePing@resource://gre/modules/TelemetryArchive.jsm:63:33
_submitPingLogic@resource://gre/modules/TelemetryControllerParent.jsm:540:48
send@resource://gre/modules/TelemetryControllerParent.jsm:628:24
submitExternalPing@resource://gre/modules/TelemetryControllerParent.jsm:182:17
sendPing@resource://gre/modules/EventPing.jsm:51:30
_submitPing@resource://gre/modules/EventPing.jsm:229:12
shutdown@resource://gre/modules/EventPing.jsm:112:10
_cleanupOnShutdown@resource://gre/modules/TelemetryControllerParent.jsm:940:31
shutdown/<@resource://gre/modules/TelemetryControllerParent.jsm:1010:24
observe@resource://gre/modules/AsyncShutdown.jsm:572:16

WARNING: A blocker encountered an error while we were waiting.
          Blocker:  Waiting for ping task
          Phase: TelemetryController: Waiting for pending ping activity
          State: (none)
WARNING: Error: Phase "profile-before-change" is finished, it is too late to register completion condition "OS.File: flush I/O queued before profileBeforeChange"
WARNING: addBlocker@resource://gre/modules/AsyncShutdown.jsm:718:15
addBlocker@resource://gre/modules/AsyncShutdown.jsm:523:26
addBlocker@resource://gre/modules/AsyncShutdown.jsm:462:15
setupShutdown@resource://gre/modules/osfile/osfile_async_front.jsm:1548:28
@resource://gre/modules/osfile/osfile_async_front.jsm:1568:16
@resource://gre/modules/osfile.jsm:12:30
@resource://gre/modules/TelemetryStorage.jsm:19:28
promiseArchivePing@resource://gre/modules/TelemetryArchive.jsm:103:5
promiseArchivePing@resource://gre/modules/TelemetryArchive.jsm:63:33
_submitPingLogic@resource://gre/modules/TelemetryControllerParent.jsm:540:48
send@resource://gre/modules/TelemetryControllerParent.jsm:628:24
submitExternalPing@resource://gre/modules/TelemetryControllerParent.jsm:182:17
saveShutdownPings@resource://gre/modules/TelemetrySession.jsm:982:34
shutdownChromeProcess/cleanup/<@resource://gre/modules/TelemetrySession.jsm:1232:20
cleanup@resource://gre/modules/TelemetrySession.jsm:1239:9
shutdownChromeProcess@resource://gre/modules/TelemetrySession.jsm:1256:14
shutdown@resource://gre/modules/TelemetrySession.jsm:247:17
_cleanupOnShutdown@resource://gre/modules/TelemetryControllerParent.jsm:959:35
observe@resource://gre/modules/AsyncShutdown.jsm:572:16

WARNING: A blocker encountered an error while we were waiting.
          Blocker:  Waiting for ping task
          Phase: TelemetryController: Waiting for pending ping activity
          State: (none)
WARNING: Error: Phase "profile-before-change" is finished, it is too late to register completion condition "OS.File: flush I/O queued before profileBeforeChange"
WARNING: addBlocker@resource://gre/modules/AsyncShutdown.jsm:718:15
addBlocker@resource://gre/modules/AsyncShutdown.jsm:523:26
addBlocker@resource://gre/modules/AsyncShutdown.jsm:462:15
setupShutdown@resource://gre/modules/osfile/osfile_async_front.jsm:1548:28
@resource://gre/modules/osfile/osfile_async_front.jsm:1568:16
@resource://gre/modules/osfile.jsm:12:30
@resource://gre/modules/TelemetryStorage.jsm:19:28
promiseArchivePing@resource://gre/modules/TelemetryArchive.jsm:103:5
promiseArchivePing@resource://gre/modules/TelemetryArchive.jsm:63:33
_submitPingLogic@resource://gre/modules/TelemetryControllerParent.jsm:540:48
send@resource://gre/modules/TelemetryControllerParent.jsm:628:24
submitExternalPing@resource://gre/modules/TelemetryControllerParent.jsm:182:17
saveShutdownPings@resource://gre/modules/TelemetrySession.jsm:1014:36
shutdownChromeProcess/cleanup/<@resource://gre/modules/TelemetrySession.jsm:1232:20
cleanup@resource://gre/modules/TelemetrySession.jsm:1239:9
shutdownChromeProcess@resource://gre/modules/TelemetrySession.jsm:1256:14
shutdown@resource://gre/modules/TelemetrySession.jsm:247:17
_cleanupOnShutdown@resource://gre/modules/TelemetryControllerParent.jsm:959:35
observe@resource://gre/modules/AsyncShutdown.jsm:572:16

WARNING: A blocker encountered an error while we were waiting.
          Blocker:  TelemetryController: shutting down
          Phase: profile-before-change-telemetry
          State: Error getting state: Error: Phase "profile-before-change" is finished, it is too late to register completion condition "OS.File: flush I/O queued before profileBeforeChange" at addBlocker@resource://gre/modules/AsyncShutdown.jsm:718:15
addBlocker@resource://gre/modules/AsyncShutdown.jsm:523:26
addBlocker@resource://gre/modules/AsyncShutdown.jsm:462:15
setupShutdown@resource://gre/modules/osfile/osfile_async_front.jsm:1548:28
@resource://gre/modules/osfile/osfile_async_front.jsm:1568:16
@resource://gre/modules/osfile.jsm:12:30
@resource://gre/modules/TelemetryStorage.jsm:19:28
getShutdownState@resource://gre/modules/TelemetrySend.jsm:1692:7
getShutdownState@resource://gre/modules/TelemetrySend.jsm:374:30
_getState@resource://gre/modules/TelemetryControllerParent.jsm:1058:38
setupTelemetry/<@resource://gre/modules/TelemetryControllerParent.jsm:917:18
safeGetState@resource://gre/modules/AsyncShutdown.jsm:254:17
Barrier/_internalAddBlocker/promise<@resource://gre/modules/AsyncShutdown.jsm:773:20
observe@resource://gre/modules/AsyncShutdown.jsm:572:16

WARNING: Error: Phase "profile-before-change" is finished, it is too late to register completion condition "OS.File: flush I/O queued before profileBeforeChange"
WARNING: addBlocker@resource://gre/modules/AsyncShutdown.jsm:718:15
addBlocker@resource://gre/modules/AsyncShutdown.jsm:523:26
addBlocker@resource://gre/modules/AsyncShutdown.jsm:462:15
setupShutdown@resource://gre/modules/osfile/osfile_async_front.jsm:1548:28
@resource://gre/modules/osfile/osfile_async_front.jsm:1568:16
@resource://gre/modules/osfile.jsm:12:30
@resource://gre/modules/TelemetryStorage.jsm:19:28
removeAbortedSessionPing@resource://gre/modules/TelemetryControllerParent.jsm:721:5
removeAbortedSessionPing@resource://gre/modules/TelemetryControllerParent.jsm:249:17
shutdownChromeProcess/cleanup/<@resource://gre/modules/TelemetrySession.jsm:1235:42
observe@resource://gre/modules/AsyncShutdown.jsm:572:16

JavaScript error: resource://gre/modules/AsyncShutdown.jsm, line 718: Error: Phase "profile-before-change" is finished, it is too late to register completion condition "OS.File: flush I/O queued before profileBeforeChange"
JavaScript error: resource://gre/modules/AsyncShutdown.jsm, line 718: Error: Phase "profile-before-change" is finished, it is too late to register completion condition "OS.File: flush I/O queued before profileBeforeChange"
JavaScript error: resource://gre/modules/AsyncShutdown.jsm, line 718: Error: Phase "profile-before-change" is finished, it is too late to register completion condition "OS.File: flush I/O queued before profileBeforeChange"
JavaScript error: resource://gre/modules/AsyncShutdown.jsm, line 718: Error: Phase "profile-before-change" is finished, it is too late to register completion condition "OS.File: flush I/O queued before profileBeforeChange"
JavaScript error: resource://gre/modules/AsyncShutdown.jsm, line 718: Error: Phase "profile-before-change" is finished, it is too late to register completion condition "OS.File: flush I/O queued before profileBeforeChange"
JavaScript error: resource://gre/modules/AsyncShutdown.jsm, line 718: Error: Phase "profile-before-change" is finished, it is too late to register completion condition "OS.File: flush I/O queued before profileBeforeChange"
1675728055611	geckodriver	INFO	Listening on 127.0.0.1:49160
1675728058672	mozrunner::runner	INFO	Running command: "C:\\Program Files\\Mozilla Firefox\\firefox.exe" "--marionette" "-no-remote" "-profile" "C:\\Users\\Dell\\AppData\\Local\\Temp\\rust_mozprofile2RYDL1"
1675728059241	Marionette	INFO	Marionette enabled
Dynamically enable window occlusion 0
1675728059245	Marionette	INFO	Listening on port 49175
Read port: 49175
1675728059646	RemoteAgent	WARN	TLS certificate errors will be ignored for this session
console.warn: SearchSettings: "get: No settings file exists, new profile?" (new NotFoundError("Could not open the file at C:\\Users\\Dell\\AppData\\Local\\Temp\\rust_mozprofile2RYDL1\\search.json.mozlz4", (void 0)))
JavaScript error: https://historicosblaze.com/assets/application-462e5b2ed0bfd8c25a7a846082958cd6de0d5727e86699648447d0f79a594244.js, line 23: Error: Minified React error #299; visit https://reactjs.org/docs/error-decoder.html?invariant=299 for the full message or use the non-minified dev environment for full errors and additional helpful warnings.
JavaScript error: https://historicosblaze.com/assets/application-462e5b2ed0bfd8c25a7a846082958cd6de0d5727e86699648447d0f79a594244.js, line 341: TypeError: c.querySelector(...) is null
JavaScript error: https://historicosblaze.com/assets/application-462e5b2ed0bfd8c25a7a846082958cd6de0d5727e86699648447d0f79a594244.js, line 341: TypeError: c.querySelector(...) is null
JavaScript error: https://historicosblaze.com/assets/application-462e5b2ed0bfd8c25a7a846082958cd6de0d5727e86699648447d0f79a594244.js, line 341: TypeError: c.querySelector(...) is null
JavaScript error: https://historicosblaze.com/assets/application-462e5b2ed0bfd8c25a7a846082958cd6de0d5727e86699648447d0f79a594244.js, line 341: TypeError: c.querySelector(...) is null
JavaScript error: https://historicosblaze.com/assets/application-462e5b2ed0bfd8c25a7a846082958cd6de0d5727e86699648447d0f79a594244.js, line 341: TypeError: c.querySelector(...) is null
JavaScript error: https://historicosblaze.com/assets/application-462e5b2ed0bfd8c25a7a846082958cd6de0d5727e86699648447d0f79a594244.js, line 341: TypeError: c.querySelector(...) is null
JavaScript error: https://historicosblaze.com/assets/application-462e5b2ed0bfd8c25a7a846082958cd6de0d5727e86699648447d0f79a594244.js, line 341: TypeError: c.querySelector(...) is null
1675728227294	geckodriver	INFO	Listening on 127.0.0.1:49332
1675728230370	mozrunner::runner	INFO	Running command: "C:\\Program Files\\Mozilla Firefox\\firefox.exe" "--marionette" "-no-remote" "-profile" "C:\\Users\\Dell\\AppData\\Local\\Temp\\rust_mozprofileujdZp4"
1675728231170	Marionette	INFO	Marionette enabled
Dynamically enable window occlusion 0
1675728231176	Marionette	INFO	Listening on port 49344
Read port: 49344
1675728231589	RemoteAgent	WARN	TLS certificate errors will be ignored for this session
console.warn: SearchSettings: "get: No settings file exists, new profile?" (new NotFoundError("Could not open the file at C:\\Users\\Dell\\AppData\\Local\\Temp\\rust_mozprofileujdZp4\\search.json.mozlz4", (void 0)))
JavaScript error: https://historicosblaze.com/assets/application-462e5b2ed0bfd8c25a7a846082958cd6de0d5727e86699648447d0f79a594244.js, line 23: Error: Minified React error #299; visit https://reactjs.org/docs/error-decoder.html?invariant=299 for the full message or use the non-minified dev environment for full errors and additional helpful warnings.
JavaScript error: https://historicosblaze.com/assets/application-462e5b2ed0bfd8c25a7a846082958cd6de0d5727e86699648447d0f79a594244.js, line 341: TypeError: c.querySelector(...) is null
JavaScript error: https://historicosblaze.com/assets/application-462e5b2ed0bfd8c25a7a846082958cd6de0d5727e86699648447d0f79a594244.js, line 341: TypeError: c.querySelector(...) is null
JavaScript error: https://historicosblaze.com/assets/application-462e5b2ed0bfd8c25a7a846082958cd6de0d5727e86699648447d0f79a594244.js, line 341: TypeError: c.querySelector(...) is null
JavaScript error: https://historicosblaze.com/assets/application-462e5b2ed0bfd8c25a7a846082958cd6de0d5727e86699648447d0f79a594244.js, line 341: TypeError: c.querySelector(...) is null
JavaScript error: https://historicosblaze.com/assets/application-462e5b2ed0bfd8c25a7a846082958cd6de0d5727e86699648447d0f79a594244.js, line 341: TypeError: c.querySelector(...) is null
JavaScript error: https://historicosblaze.com/assets/application-462e5b2ed0bfd8c25a7a846082958cd6de0d5727e86699648447d0f79a594244.js, line 341: TypeError: c.querySelector(...) is null
JavaScript error: https://historicosblaze.com/assets/application-462e5b2ed0bfd8c25a7a846082958cd6de0d5727e86699648447d0f79a594244.js, line 341: TypeError: c.querySelector(...) is null
JavaScript error: https://historicosblaze.com/assets/application-462e5b2ed0bfd8c25a7a846082958cd6de0d5727e86699648447d0f79a594244.js, line 341: TypeError: c.querySelector(...) is null
1675728441106	geckodriver	INFO	Listening on 127.0.0.1:49477
1675728444159	mozrunner::runner	INFO	Running command: "C:\\Program Files\\Mozilla Firefox\\firefox.exe" "--marionette" "-no-remote" "-profile" "C:\\Users\\Dell\\AppData\\Local\\Temp\\rust_mozprofileorL9vk"
1675728444771	Marionette	INFO	Marionette enabled
Dynamically enable window occlusion 0
1675728444777	Marionette	INFO	Listening on port 49488
Read port: 49488
1675728445185	RemoteAgent	WARN	TLS certificate errors will be ignored for this session
console.warn: SearchSettings: "get: No settings file exists, new profile?" (new NotFoundError("Could not open the file at C:\\Users\\Dell\\AppData\\Local\\Temp\\rust_mozprofileorL9vk\\search.json.mozlz4", (void 0)))
JavaScript error: https://historicosblaze.com/assets/application-462e5b2ed0bfd8c25a7a846082958cd6de0d5727e86699648447d0f79a594244.js, line 23: Error: Minified React error #299; visit https://reactjs.org/docs/error-decoder.html?invariant=299 for the full message or use the non-minified dev environment for full errors and additional helpful warnings.
JavaScript error: https://historicosblaze.com/assets/application-462e5b2ed0bfd8c25a7a846082958cd6de0d5727e86699648447d0f79a594244.js, line 341: TypeError: c.querySelector(...) is null
JavaScript error: https://historicosblaze.com/assets/application-462e5b2ed0bfd8c25a7a846082958cd6de0d5727e86699648447d0f79a594244.js, line 341: TypeError: c.querySelector(...) is null
JavaScript error: https://historicosblaze.com/assets/application-462e5b2ed0bfd8c25a7a846082958cd6de0d5727e86699648447d0f79a594244.js, line 341: TypeError: c.querySelector(...) is null
JavaScript error: https://historicosblaze.com/assets/application-462e5b2ed0bfd8c25a7a846082958cd6de0d5727e86699648447d0f79a594244.js, line 341: TypeError: c.querySelector(...) is null
JavaScript error: https://historicosblaze.com/assets/application-462e5b2ed0bfd8c25a7a846082958cd6de0d5727e86699648447d0f79a594244.js, line 341: TypeError: c.querySelector(...) is null
JavaScript error: https://historicosblaze.com/assets/application-462e5b2ed0bfd8c25a7a846082958cd6de0d5727e86699648447d0f79a594244.js, line 341: TypeError: c.querySelector(...) is null
JavaScript error: https://historicosblaze.com/assets/application-462e5b2ed0bfd8c25a7a846082958cd6de0d5727e86699648447d0f79a594244.js, line 341: TypeError: c.querySelector(...) is null
JavaScript error: https://historicosblaze.com/assets/application-462e5b2ed0bfd8c25a7a846082958cd6de0d5727e86699648447d0f79a594244.js, line 341: TypeError: c.querySelector(...) is null
JavaScript error: https://historicosblaze.com/assets/application-462e5b2ed0bfd8c25a7a846082958cd6de0d5727e86699648447d0f79a594244.js, line 341: TypeError: c.querySelector(...) is null
JavaScript error: https://historicosblaze.com/assets/application-462e5b2ed0bfd8c25a7a846082958cd6de0d5727e86699648447d0f79a594244.js, line 341: TypeError: c.querySelector(...) is null
JavaScript error: https://historicosblaze.com/assets/application-462e5b2ed0bfd8c25a7a846082958cd6de0d5727e86699648447d0f79a594244.js, line 341: TypeError: c.querySelector(...) is null
JavaScript error: https://historicosblaze.com/assets/application-462e5b2ed0bfd8c25a7a846082958cd6de0d5727e86699648447d0f79a594244.js, line 341: TypeError: c.querySelector(...) is null
JavaScript error: https://historicosblaze.com/assets/application-462e5b2ed0bfd8c25a7a846082958cd6de0d5727e86699648447d0f79a594244.js, line 341: TypeError: c.querySelector(...) is null
JavaScript error: https://historicosblaze.com/assets/application-462e5b2ed0bfd8c25a7a846082958cd6de0d5727e86699648447d0f79a594244.js, line 341: TypeError: c.querySelector(...) is null
JavaScript error: https://historicosblaze.com/assets/application-462e5b2ed0bfd8c25a7a846082958cd6de0d5727e86699648447d0f79a594244.js, line 341: TypeError: c.querySelector(...) is null
JavaScript error: https://historicosblaze.com/assets/application-462e5b2ed0bfd8c25a7a846082958cd6de0d5727e86699648447d0f79a594244.js, line 341: TypeError: c.querySelector(...) is null
JavaScript error: https://historicosblaze.com/assets/application-462e5b2ed0bfd8c25a7a846082958cd6de0d5727e86699648447d0f79a594244.js, line 341: TypeError: c.querySelector(...) is null
JavaScript error: https://historicosblaze.com/assets/application-462e5b2ed0bfd8c25a7a846082958cd6de0d5727e86699648447d0f79a594244.js, line 341: TypeError: c.querySelector(...) is null
JavaScript error: https://historicosblaze.com/assets/application-462e5b2ed0bfd8c25a7a846082958cd6de0d5727e86699648447d0f79a594244.js, line 341: TypeError: c.querySelector(...) is null
JavaScript error: https://historicosblaze.com/assets/application-462e5b2ed0bfd8c25a7a846082958cd6de0d5727e86699648447d0f79a594244.js, line 341: TypeError: c.querySelector(...) is null
JavaScript error: https://historicosblaze.com/assets/application-462e5b2ed0bfd8c25a7a846082958cd6de0d5727e86699648447d0f79a594244.js, line 341: TypeError: c.querySelector(...) is null
JavaScript error: https://historicosblaze.com/assets/application-462e5b2ed0bfd8c25a7a846082958cd6de0d5727e86699648447d0f79a594244.js, line 341: TypeError: c.querySelector(...) is null
JavaScript error: https://historicosblaze.com/assets/application-462e5b2ed0bfd8c25a7a846082958cd6de0d5727e86699648447d0f79a594244.js, line 341: TypeError: c.querySelector(...) is null
JavaScript error: https://historicosblaze.com/assets/application-462e5b2ed0bfd8c25a7a846082958cd6de0d5727e86699648447d0f79a594244.js, line 341: TypeError: c.querySelector(...) is null
JavaScript error: https://historicosblaze.com/assets/application-462e5b2ed0bfd8c25a7a846082958cd6de0d5727e86699648447d0f79a594244.js, line 341: TypeError: c.querySelector(...) is null
JavaScript error: https://historicosblaze.com/assets/application-462e5b2ed0bfd8c25a7a846082958cd6de0d5727e86699648447d0f79a594244.js, line 341: TypeError: c.querySelector(...) is null
JavaScript error: https://historicosblaze.com/assets/application-462e5b2ed0bfd8c25a7a846082958cd6de0d5727e86699648447d0f79a594244.js, line 341: TypeError: c.querySelector(...) is null
JavaScript error: https://historicosblaze.com/assets/application-462e5b2ed0bfd8c25a7a846082958cd6de0d5727e86699648447d0f79a594244.js, line 341: TypeError: c.querySelector(...) is null
JavaScript error: , line 0: NS_ERROR_NOT_AVAILABLE
JavaScript error: https://historicosblaze.com/assets/application-462e5b2ed0bfd8c25a7a846082958cd6de0d5727e86699648447d0f79a594244.js, line 341: TypeError: c.querySelector(...) is null
JavaScript error: https://historicosblaze.com/assets/application-462e5b2ed0bfd8c25a7a846082958cd6de0d5727e86699648447d0f79a594244.js, line 341: TypeError: c.querySelector(...) is null
JavaScript error: https://historicosblaze.com/assets/application-462e5b2ed0bfd8c25a7a846082958cd6de0d5727e86699648447d0f79a594244.js, line 341: TypeError: c.querySelector(...) is null
JavaScript error: https://historicosblaze.com/assets/application-462e5b2ed0bfd8c25a7a846082958cd6de0d5727e86699648447d0f79a594244.js, line 341: TypeError: c.querySelector(...) is null
JavaScript error: https://historicosblaze.com/assets/application-462e5b2ed0bfd8c25a7a846082958cd6de0d5727e86699648447d0f79a594244.js, line 341: TypeError: c.querySelector(...) is null
JavaScript error: https://historicosblaze.com/assets/application-462e5b2ed0bfd8c25a7a846082958cd6de0d5727e86699648447d0f79a594244.js, line 341: TypeError: c.querySelector(...) is null
1675729391535	geckodriver	INFO	Listening on 127.0.0.1:49794
1675729394563	mozrunner::runner	INFO	Running command: "C:\\Program Files\\Mozilla Firefox\\firefox.exe" "--marionette" "-no-remote" "-profile" "C:\\Users\\Dell\\AppData\\Local\\Temp\\rust_mozprofilepCSBlJ"
1675729395321	Marionette	INFO	Marionette enabled
Dynamically enable window occlusion 0
1675729395325	Marionette	INFO	Listening on port 49805
Read port: 49805
1675729395914	RemoteAgent	WARN	TLS certificate errors will be ignored for this session
console.warn: SearchSettings: "get: No settings file exists, new profile?" (new NotFoundError("Could not open the file at C:\\Users\\Dell\\AppData\\Local\\Temp\\rust_mozprofilepCSBlJ\\search.json.mozlz4", (void 0)))
JavaScript error: https://historicosblaze.com/assets/application-462e5b2ed0bfd8c25a7a846082958cd6de0d5727e86699648447d0f79a594244.js, line 23: Error: Minified React error #299; visit https://reactjs.org/docs/error-decoder.html?invariant=299 for the full message or use the non-minified dev environment for full errors and additional helpful warnings.
JavaScript error: https://historicosblaze.com/assets/application-462e5b2ed0bfd8c25a7a846082958cd6de0d5727e86699648447d0f79a594244.js, line 341: TypeError: c.querySelector(...) is null
JavaScript error: https://historicosblaze.com/assets/application-462e5b2ed0bfd8c25a7a846082958cd6de0d5727e86699648447d0f79a594244.js, line 341: TypeError: c.querySelector(...) is null
JavaScript error: https://historicosblaze.com/assets/application-462e5b2ed0bfd8c25a7a846082958cd6de0d5727e86699648447d0f79a594244.js, line 341: TypeError: c.querySelector(...) is null
JavaScript error: https://historicosblaze.com/assets/application-462e5b2ed0bfd8c25a7a846082958cd6de0d5727e86699648447d0f79a594244.js, line 341: TypeError: c.querySelector(...) is null
JavaScript error: https://historicosblaze.com/assets/application-462e5b2ed0bfd8c25a7a846082958cd6de0d5727e86699648447d0f79a594244.js, line 341: TypeError: c.querySelector(...) is null
JavaScript error: https://historicosblaze.com/assets/application-462e5b2ed0bfd8c25a7a846082958cd6de0d5727e86699648447d0f79a594244.js, line 341: TypeError: c.querySelector(...) is null
JavaScript error: https://historicosblaze.com/assets/application-462e5b2ed0bfd8c25a7a846082958cd6de0d5727e86699648447d0f79a594244.js, line 341: TypeError: c.querySelector(...) is null
JavaScript error: https://historicosblaze.com/assets/application-462e5b2ed0bfd8c25a7a846082958cd6de0d5727e86699648447d0f79a594244.js, line 341: TypeError: c.querySelector(...) is null
JavaScript error: https://historicosblaze.com/assets/application-462e5b2ed0bfd8c25a7a846082958cd6de0d5727e86699648447d0f79a594244.js, line 341: TypeError: c.querySelector(...) is null
JavaScript error: https://historicosblaze.com/assets/application-462e5b2ed0bfd8c25a7a846082958cd6de0d5727e86699648447d0f79a594244.js, line 341: TypeError: c.querySelector(...) is null
JavaScript error: https://historicosblaze.com/assets/application-462e5b2ed0bfd8c25a7a846082958cd6de0d5727e86699648447d0f79a594244.js, line 341: TypeError: c.querySelector(...) is null
JavaScript error: https://historicosblaze.com/assets/application-462e5b2ed0bfd8c25a7a846082958cd6de0d5727e86699648447d0f79a594244.js, line 341: TypeError: c.querySelector(...) is null
JavaScript error: https://historicosblaze.com/assets/application-462e5b2ed0bfd8c25a7a846082958cd6de0d5727e86699648447d0f79a594244.js, line 341: TypeError: c.querySelector(...) is null
JavaScript error: https://historicosblaze.com/assets/application-462e5b2ed0bfd8c25a7a846082958cd6de0d5727e86699648447d0f79a594244.js, line 341: TypeError: c.querySelector(...) is null
JavaScript error: https://historicosblaze.com/assets/application-462e5b2ed0bfd8c25a7a846082958cd6de0d5727e86699648447d0f79a594244.js, line 341: TypeError: c.querySelector(...) is null
JavaScript error: https://historicosblaze.com/assets/application-462e5b2ed0bfd8c25a7a846082958cd6de0d5727e86699648447d0f79a594244.js, line 341: TypeError: c.querySelector(...) is null
JavaScript error: https://historicosblaze.com/assets/application-462e5b2ed0bfd8c25a7a846082958cd6de0d5727e86699648447d0f79a594244.js, line 341: TypeError: c.querySelector(...) is null
JavaScript error: https://historicosblaze.com/assets/application-462e5b2ed0bfd8c25a7a846082958cd6de0d5727e86699648447d0f79a594244.js, line 341: TypeError: c.querySelector(...) is null
